Log file open, 03/13/19 05:52:30
LogWindows: Failed to load 'aqProf.dll' (GetLastError=126)
LogWindows: File 'aqProf.dll' does not exist
LogWindows: Failed to load 'VtuneApi.dll' (GetLastError=126)
LogWindows: File 'VtuneApi.dll' does not exist
LogWindows: Failed to load 'VtuneApi32e.dll' (GetLastError=126)
LogWindows: File 'VtuneApi32e.dll' does not exist
LogConsoleResponse: Display: Failed to find resolution value strings in scalability ini. Falling back to default.
LogInit: Display: Running engine for game: SandBox
LogPakFile: Registered encryption key '00000000000000000000000000000000': 0 pak files mounted, 0 remain pending
LogPlatformFile: Not using cached read wrapper
LogTaskGraph: Started task graph with 5 named threads and 23 total threads with 3 sets of task threads.
LogStats: Stats thread started at 0.235807
LogD3D11RHI: Loaded GFSDK_Aftermath_Lib.x64.dll
LogICUInternationalization: ICU TimeZone Detection - Raw Offset: +9:00, Platform Override: ''
LogPluginManager: Mounting plugin Paper2D
LogPluginManager: Mounting plugin AISupport
LogPluginManager: Mounting plugin LightPropagationVolume
LogPluginManager: Mounting plugin ActorLayerUtilities
LogPluginManager: Mounting plugin CLionSourceCodeAccess
LogPluginManager: Mounting plugin CodeLiteSourceCodeAccess
LogPluginManager: Mounting plugin GitSourceControl
LogPluginManager: Mounting plugin KDevelopSourceCodeAccess
LogPluginManager: Mounting plugin NullSourceCodeAccess
LogPluginManager: Mounting plugin PerforceSourceControl
LogPluginManager: Mounting plugin SubversionSourceControl
LogPluginManager: Mounting plugin UObjectPlugin
LogPluginManager: Mounting plugin VisualStudioCodeSourceCodeAccess
LogPluginManager: Mounting plugin VisualStudioSourceCodeAccess
LogPluginManager: Mounting plugin XCodeSourceCodeAccess
LogPluginManager: Mounting plugin AssetManagerEditor
LogPluginManager: Mounting plugin CryptoKeys
LogPluginManager: Mounting plugin DataValidation
LogPluginManager: Mounting plugin FacialAnimation
LogPluginManager: Mounting plugin GameplayTagsEditor
LogPluginManager: Mounting plugin MacGraphicsSwitching
LogPluginManager: Mounting plugin MeshEditor
LogPluginManager: Mounting plugin MobileLauncherProfileWizard
LogPluginManager: Mounting plugin PluginBrowser
LogPluginManager: Mounting plugin SpeedTreeImporter
LogPluginManager: Mounting plugin DatasmithContent
LogPluginManager: Mounting plugin VariantManagerContent
LogPluginManager: Mounting plugin AlembicImporter
LogPluginManager: Mounting plugin AppleImageUtils
LogPluginManager: Mounting plugin AppleVision
LogPluginManager: Mounting plugin BackChannel
LogPluginManager: Mounting plugin CharacterAI
LogPluginManager: Mounting plugin GeometryCache
LogPluginManager: Mounting plugin HTML5Networking
LogPluginManager: Mounting plugin ProxyLODPlugin
LogPluginManager: Mounting plugin MagicLeap
LogPluginManager: Mounting plugin MagicLeapMedia
LogPluginManager: Mounting plugin AndroidMedia
LogPluginManager: Mounting plugin AvfMedia
LogPluginManager: Mounting plugin ImgMedia
LogPluginManager: Mounting plugin LinearTimecode
LogPluginManager: Mounting plugin MediaCompositing
LogPluginManager: Mounting plugin MediaPlayerEditor
LogPluginManager: Mounting plugin WebMMedia
LogPluginManager: Mounting plugin WmfMedia
LogPluginManager: Mounting plugin TcpMessaging
LogPluginManager: Mounting plugin UdpMessaging
LogPluginManager: Mounting plugin ActorSequence
LogPluginManager: Mounting plugin LevelSequenceEditor
LogPluginManager: Mounting plugin MatineeToLevelSequence
LogPluginManager: Mounting plugin NetcodeUnitTest
LogPluginManager: Mounting plugin NUTUnrealEngine4
LogPluginManager: Mounting plugin OnlineSubsystemGooglePlay
LogPluginManager: Mounting plugin OnlineSubsystemIOS
LogPluginManager: Mounting plugin OnlineSubsystem
LogPluginManager: Mounting plugin OnlineSubsystemNull
LogPluginManager: Mounting plugin OnlineSubsystemUtils
LogPluginManager: Mounting plugin LauncherChunkInstaller
LogPluginManager: Mounting plugin AndroidDeviceProfileSelector
LogPluginManager: Mounting plugin AndroidMoviePlayer
LogPluginManager: Mounting plugin AndroidPermission
LogPluginManager: Mounting plugin AppleMoviePlayer
LogPluginManager: Mounting plugin ArchVisCharacter
LogPluginManager: Mounting plugin AudioCapture
LogPluginManager: Mounting plugin CableComponent
LogPluginManager: Mounting plugin CustomMeshComponent
LogPluginManager: Mounting plugin EditableMesh
LogPluginManager: Mounting plugin ExampleDeviceProfileSelector
LogPluginManager: Mounting plugin Firebase
LogPluginManager: Mounting plugin GoogleCloudMessaging
LogPluginManager: Mounting plugin IOSDeviceProfileSelector
LogPluginManager: Mounting plugin LinuxDeviceProfileSelector
LogPluginManager: Mounting plugin LocationServicesBPLibrary
LogPluginManager: Mounting plugin MobilePatchingUtils
LogPluginManager: Mounting plugin OculusVR
LogPluginManager: Mounting plugin PhysXVehicles
LogPluginManager: Mounting plugin ProceduralMeshComponent
LogPluginManager: Mounting plugin RuntimePhysXCooking
LogPluginManager: Mounting plugin SteamVR
LogPluginManager: Mounting plugin WebMMoviePlayer
LogPluginManager: Mounting plugin WindowsMoviePlayer
LogStreaming: Display: Took  0.047s to configure plugins.
LogInit: Using libcurl 7.55.1-DEV
LogInit:  - built for x86_64-pc-win32
LogInit:  - supports SSL with OpenSSL/1.0.2h
LogInit:  - supports HTTP deflate (compression) using libz 1.2.8
LogInit:  - other features:
LogInit:      CURL_VERSION_SSL
LogInit:      CURL_VERSION_LIBZ
LogInit:      CURL_VERSION_IPV6
LogInit:      CURL_VERSION_ASYNCHDNS
LogInit:      CURL_VERSION_LARGEFILE
LogInit:      CURL_VERSION_IDN
LogInit:  CurlRequestOptions (configurable via config and command line):
LogInit:  - bVerifyPeer = true  - Libcurl will verify peer certificate
LogInit:  - bUseHttpProxy = false  - Libcurl will NOT use HTTP proxy
LogInit:  - bDontReuseConnections = false  - Libcurl will reuse connections
LogInit:  - MaxHostConnections = 16  - Libcurl will limit the number of connections to a host
LogInit:  - LocalHostAddr = Default
LogInit:  - BufferSize = 65536
LogInit: WinSock: version 1.1 (2.2), MaxSocks=32767, MaxUdp=65467
LogInit: Build: ++UE4+Release-4.21-CL-4753647
LogInit: Engine Version: 4.21.2-4753647+++UE4+Release-4.21
LogInit: Compatible Engine Version: 4.21.0-4541578+++UE4+Release-4.21
LogInit: Net CL: 4541578
LogInit: OS: Windows 7 (Service Pack 1), CPU: Intel(R) Core(TM) i7-4790K CPU @ 4.00GHz, GPU: NVIDIA GeForce GTX 750 Ti
LogInit: Compiled (64-bit): Jan 19 2019 02:07:31
LogInit: Compiled with Visual C++: 19.13.26129.00
LogInit: Build Configuration: Development
LogInit: Branch Name: ++UE4+Release-4.21
LogInit: Command Line: 
LogInit: Base Directory: C:/UE/UE_4.21/Engine/Binaries/Win64/
LogInit: Installed Engine Build: 1
LogDevObjectVersion: Number of dev versions registered: 22
LogDevObjectVersion:   Dev-Blueprints (B0D832E4-1F89-4F0D-ACCF-7EB736FD4AA2): 10
LogDevObjectVersion:   Dev-Build (E1C64328-A22C-4D53-A36C-8E866417BD8C): 0
LogDevObjectVersion:   Dev-Core (375EC13C-06E4-48FB-B500-84F0262A717E): 2
LogDevObjectVersion:   Dev-Editor (E4B068ED-F494-42E9-A231-DA0B2E46BB41): 26
LogDevObjectVersion:   Dev-Framework (CFFC743F-43B0-4480-9391-14DF171D2073): 34
LogDevObjectVersion:   Dev-Mobile (B02B49B5-BB20-44E9-A304-32B752E40360): 2
LogDevObjectVersion:   Dev-Networking (A4E4105C-59A1-49B5-A7C5-40C4547EDFEE): 0
LogDevObjectVersion:   Dev-Online (39C831C9-5AE6-47DC-9A44-9C173E1C8E7C): 0
LogDevObjectVersion:   Dev-Physics (78F01B33-EBEA-4F98-B9B4-84EACCB95AA2): 0
LogDevObjectVersion:   Dev-Platform (6631380F-2D4D-43E0-8009-CF276956A95A): 0
LogDevObjectVersion:   Dev-Rendering (12F88B9F-8875-4AFC-A67C-D90C383ABD29): 27
LogDevObjectVersion:   Dev-Sequencer (7B5AE74C-D270-4C10-A958-57980B212A5A): 9
LogDevObjectVersion:   Dev-VR (D7296918-1DD6-4BDD-9DE2-64A83CC13884): 2
LogDevObjectVersion:   Dev-LoadTimes (C2A15278-BFE7-4AFE-6C17-90FF531DF755): 1
LogDevObjectVersion:   Private-Geometry (6EACA3D4-40EC-4CC1-B786-8BED09428FC5): 3
LogDevObjectVersion:   Dev-AnimPhys (29E575DD-E0A3-4627-9D10-D276232CDCEA): 17
LogDevObjectVersion:   Dev-Anim (AF43A65D-7FD3-4947-9873-3E8ED9C1BB05): 2
LogDevObjectVersion:   Dev-ReflectionCapture (6B266CEC-1EC7-4B8F-A30B-E4D90942FC07): 1
LogDevObjectVersion:   Dev-Automation (0DF73D61-A23F-47EA-B727-89E90C41499A): 1
LogDevObjectVersion:   FortniteMain (601D1886-AC64-4F84-AA16-D3DE0DEAC7D6): 17
LogDevObjectVersion:   Dev-Enterprise (9DFFBCD6-494F-0158-E221-12823C92A888): 4
LogDevObjectVersion:   Dev-Niagara (F2AED0AC-9AFE-416F-8664-AA7FFA26D6FC): 1
LogStreaming: Display: Took  0.000s to delete old logs.
LogInit: Presizing for max 8388607 objects, including 0 objects not considered by GC, pre-allocating 0 bytes for permanent pool.
LogInit: Object subsystem initialized
LogConfig: Setting CVar [[con.DebugEarlyDefault:1]]
LogConfig: Setting CVar [[r.setres:1280x720]]
[2019.03.12-20.52.31:117][  0]LogConfig: Setting CVar [[r.VSync:0]]
[2019.03.12-20.52.31:117][  0]LogConfig: Setting CVar [[r.RHICmdBypass:0]]
[2019.03.12-20.52.31:117][  0]LogConfig: Applying CVar settings from Section [/Script/Engine.RendererSettings] File [C:/UnrialProject/SandBox/Saved/Config/Windows/Engine.ini]
[2019.03.12-20.52.31:117][  0]LogConfig: Setting CVar [[r.GPUCrashDebugging:0]]
[2019.03.12-20.52.31:117][  0]LogConfig: Applying CVar settings from Section [/Script/Engine.RendererOverrideSettings] File [C:/UnrialProject/SandBox/Saved/Config/Windows/Engine.ini]
[2019.03.12-20.52.31:117][  0]LogConfig: Applying CVar settings from Section [/Script/Engine.StreamingSettings] File [C:/UnrialProject/SandBox/Saved/Config/Windows/Engine.ini]
[2019.03.12-20.52.31:117][  0]LogConfig: Setting CVar [[s.MinBulkDataSizeForAsyncLoading:131072]]
[2019.03.12-20.52.31:117][  0]LogConfig: Setting CVar [[s.AsyncLoadingThreadEnabled:0]]
[2019.03.12-20.52.31:117][  0]LogConfig: Setting CVar [[s.EventDrivenLoaderEnabled:1]]
[2019.03.12-20.52.31:117][  0]LogConfig: Setting CVar [[s.WarnIfTimeLimitExceeded:0]]
[2019.03.12-20.52.31:117][  0]LogConfig: Setting CVar [[s.TimeLimitExceededMultiplier:1.5]]
[2019.03.12-20.52.31:117][  0]LogConfig: Setting CVar [[s.TimeLimitExceededMinTime:0.005]]
[2019.03.12-20.52.31:117][  0]LogConfig: Setting CVar [[s.UseBackgroundLevelStreaming:1]]
[2019.03.12-20.52.31:117][  0]LogConfig: Setting CVar [[s.PriorityAsyncLoadingExtraTime:15.0]]
[2019.03.12-20.52.31:117][  0]LogConfig: Setting CVar [[s.LevelStreamingActorsUpdateTimeLimit:5.0]]
[2019.03.12-20.52.31:117][  0]LogConfig: Setting CVar [[s.PriorityLevelStreamingActorsUpdateExtraTime:5.0]]
[2019.03.12-20.52.31:117][  0]LogConfig: Setting CVar [[s.LevelStreamingComponentsRegistrationGranularity:10]]
[2019.03.12-20.52.31:117][  0]LogConfig: Setting CVar [[s.UnregisterComponentsTimeLimit:1.0]]
[2019.03.12-20.52.31:117][  0]LogConfig: Setting CVar [[s.LevelStreamingComponentsUnregistrationGranularity:5]]
[2019.03.12-20.52.31:117][  0]LogConfig: Applying CVar settings from Section [/Script/Engine.GarbageCollectionSettings] File [C:/UnrialProject/SandBox/Saved/Config/Windows/Engine.ini]
[2019.03.12-20.52.31:117][  0]LogConfig: Setting CVar [[gc.MaxObjectsNotConsideredByGC:1]]
[2019.03.12-20.52.31:117][  0]LogConfig: Setting CVar [[gc.SizeOfPermanentObjectPool:0]]
[2019.03.12-20.52.31:117][  0]LogConfig: Setting CVar [[gc.FlushStreamingOnGC:0]]
[2019.03.12-20.52.31:117][  0]LogConfig: Setting CVar [[gc.NumRetriesBeforeForcingGC:10]]
[2019.03.12-20.52.31:117][  0]LogConfig: Setting CVar [[gc.AllowParallelGC:1]]
[2019.03.12-20.52.31:117][  0]LogConfig: Setting CVar [[gc.TimeBetweenPurgingPendingKillObjects:61.1]]
[2019.03.12-20.52.31:117][  0]LogConfig: Setting CVar [[gc.MaxObjectsInEditor:8388607]]
[2019.03.12-20.52.31:117][  0]LogConfig: Setting CVar [[gc.IncrementalBeginDestroyEnabled:1]]
[2019.03.12-20.52.31:117][  0]LogConfig: Setting CVar [[gc.CreateGCClusters:1]]
[2019.03.12-20.52.31:117][  0]LogConfig: Setting CVar [[gc.MergeGCClusters:0]]
[2019.03.12-20.52.31:117][  0]LogConfig: Setting CVar [[gc.MinGCClusterSize:5]]
[2019.03.12-20.52.31:117][  0]LogConfig: Setting CVar [[gc.ActorClusteringEnabled:0]]
[2019.03.12-20.52.31:117][  0]LogConfig: Setting CVar [[gc.BlueprintClusteringEnabled:0]]
[2019.03.12-20.52.31:117][  0]LogConfig: Setting CVar [[gc.UseDisregardForGCOnDedicatedServers:0]]
[2019.03.12-20.52.31:117][  0]LogConfig: Applying CVar settings from Section [/Script/Engine.NetworkSettings] File [C:/UnrialProject/SandBox/Saved/Config/Windows/Engine.ini]
[2019.03.12-20.52.31:117][  0]LogConfig: Applying CVar settings from Section [/Script/UnrealEd.CookerSettings] File [C:/UnrialProject/SandBox/Saved/Config/Windows/Engine.ini]
[2019.03.12-20.52.31:121][  0]LogConfig: Applying CVar settings from Section [ViewDistanceQuality@3] File [C:/UnrialProject/SandBox/Saved/Config/Windows/Scalability.ini]
[2019.03.12-20.52.31:121][  0]LogConfig: Setting CVar [[r.SkeletalMeshLODBias:0]]
[2019.03.12-20.52.31:121][  0]LogConfig: Setting CVar [[r.ViewDistanceScale:1.0]]
[2019.03.12-20.52.31:121][  0]LogConfig: Applying CVar settings from Section [AntiAliasingQuality@3] File [C:/UnrialProject/SandBox/Saved/Config/Windows/Scalability.ini]
[2019.03.12-20.52.31:121][  0]LogConfig: Setting CVar [[r.PostProcessAAQuality:4]]
[2019.03.12-20.52.31:121][  0]LogConfig: Applying CVar settings from Section [ShadowQuality@3] File [C:/UnrialProject/SandBox/Saved/Config/Windows/Scalability.ini]
[2019.03.12-20.52.31:121][  0]LogConfig: Setting CVar [[r.LightFunctionQuality:1]]
[2019.03.12-20.52.31:121][  0]LogConfig: Setting CVar [[r.ShadowQuality:5]]
[2019.03.12-20.52.31:121][  0]LogConfig: Setting CVar [[r.Shadow.CSM.MaxCascades:10]]
[2019.03.12-20.52.31:121][  0]LogConfig: Setting CVar [[r.Shadow.MaxResolution:2048]]
[2019.03.12-20.52.31:121][  0]LogConfig: Setting CVar [[r.Shadow.MaxCSMResolution:2048]]
[2019.03.12-20.52.31:121][  0]LogConfig: Setting CVar [[r.Shadow.RadiusThreshold:0.01]]
[2019.03.12-20.52.31:121][  0]LogConfig: Setting CVar [[r.Shadow.DistanceScale:1.0]]
[2019.03.12-20.52.31:121][  0]LogConfig: Setting CVar [[r.Shadow.CSM.TransitionScale:1.0]]
[2019.03.12-20.52.31:121][  0]LogConfig: Setting CVar [[r.Shadow.PreShadowResolutionFactor:1.0]]
[2019.03.12-20.52.31:121][  0]LogConfig: Setting CVar [[r.DistanceFieldShadowing:1]]
[2019.03.12-20.52.31:121][  0]LogConfig: Setting CVar [[r.DistanceFieldAO:1]]
[2019.03.12-20.52.31:121][  0]LogConfig: Setting CVar [[r.AOQuality:2]]
[2019.03.12-20.52.31:121][  0]LogConfig: Setting CVar [[r.VolumetricFog:1]]
[2019.03.12-20.52.31:121][  0]LogConfig: Setting CVar [[r.VolumetricFog.GridPixelSize:8]]
[2019.03.12-20.52.31:121][  0]LogConfig: Setting CVar [[r.VolumetricFog.GridSizeZ:128]]
[2019.03.12-20.52.31:121][  0]LogConfig: Setting CVar [[r.VolumetricFog.HistoryMissSupersampleCount:4]]
[2019.03.12-20.52.31:121][  0]LogConfig: Setting CVar [[r.LightMaxDrawDistanceScale:1]]
[2019.03.12-20.52.31:121][  0]LogConfig: Setting CVar [[r.CapsuleShadows:1]]
[2019.03.12-20.52.31:121][  0]LogConfig: Applying CVar settings from Section [PostProcessQuality@3] File [C:/UnrialProject/SandBox/Saved/Config/Windows/Scalability.ini]
[2019.03.12-20.52.31:121][  0]LogConfig: Setting CVar [[r.MotionBlurQuality:4]]
[2019.03.12-20.52.31:121][  0]LogConfig: Setting CVar [[r.AmbientOcclusionMipLevelFactor:0.4]]
[2019.03.12-20.52.31:121][  0]LogConfig: Setting CVar [[r.AmbientOcclusionMaxQuality:100]]
[2019.03.12-20.52.31:121][  0]LogConfig: Setting CVar [[r.AmbientOcclusionLevels:-1]]
[2019.03.12-20.52.31:121][  0]LogConfig: Setting CVar [[r.AmbientOcclusionRadiusScale:1.0]]
[2019.03.12-20.52.31:121][  0]LogConfig: Setting CVar [[r.DepthOfFieldQuality:2]]
[2019.03.12-20.52.31:121][  0]LogConfig: Setting CVar [[r.RenderTargetPoolMin:400]]
[2019.03.12-20.52.31:121][  0]LogConfig: Setting CVar [[r.LensFlareQuality:2]]
[2019.03.12-20.52.31:121][  0]LogConfig: Setting CVar [[r.SceneColorFringeQuality:1]]
[2019.03.12-20.52.31:121][  0]LogConfig: Setting CVar [[r.EyeAdaptationQuality:2]]
[2019.03.12-20.52.31:121][  0]LogConfig: Setting CVar [[r.BloomQuality:5]]
[2019.03.12-20.52.31:121][  0]LogConfig: Setting CVar [[r.FastBlurThreshold:100]]
[2019.03.12-20.52.31:121][  0]LogConfig: Setting CVar [[r.Upscale.Quality:3]]
[2019.03.12-20.52.31:121][  0]LogConfig: Setting CVar [[r.Tonemapper.GrainQuantization:1]]
[2019.03.12-20.52.31:121][  0]LogConfig: Setting CVar [[r.LightShaftQuality:1]]
[2019.03.12-20.52.31:121][  0]LogConfig: Setting CVar [[r.Filter.SizeScale:1]]
[2019.03.12-20.52.31:121][  0]LogConfig: Setting CVar [[r.Tonemapper.Quality:5]]
[2019.03.12-20.52.31:121][  0]LogConfig: Setting CVar [[r.DOF.Gather.AccumulatorQuality:1        ; higher gathering accumulator quality]]
[2019.03.12-20.52.31:121][  0]LogConfig: Setting CVar [[r.DOF.Gather.PostfilterMethod:1          ; Median3x3 postfilering method]]
[2019.03.12-20.52.31:121][  0]LogConfig: Setting CVar [[r.DOF.Gather.EnableBokehSettings:0       ; no bokeh simulation when gathering]]
[2019.03.12-20.52.31:121][  0]LogConfig: Setting CVar [[r.DOF.Gather.RingCount:4                 ; medium number of samples when gathering]]
[2019.03.12-20.52.31:121][  0]LogConfig: Setting CVar [[r.DOF.Scatter.ForegroundCompositing:1    ; additive foreground scattering]]
[2019.03.12-20.52.31:121][  0]LogConfig: Setting CVar [[r.DOF.Scatter.BackgroundCompositing:2    ; additive background scattering]]
[2019.03.12-20.52.31:121][  0]LogConfig: Setting CVar [[r.DOF.Scatter.EnableBokehSettings:1      ; bokeh simulation when scattering]]
[2019.03.12-20.52.31:121][  0]LogConfig: Setting CVar [[r.DOF.Scatter.MaxSpriteRatio:0.1         ; only a maximum of 10% of scattered bokeh]]
[2019.03.12-20.52.31:121][  0]LogConfig: Setting CVar [[r.DOF.Recombine.Quality:1                ; cheap slight out of focus]]
[2019.03.12-20.52.31:121][  0]LogConfig: Setting CVar [[r.DOF.Recombine.EnableBokehSettings:0    ; no bokeh simulation on slight out of focus]]
[2019.03.12-20.52.31:121][  0]LogConfig: Setting CVar [[r.DOF.TemporalAAQuality:1                ; more stable temporal accumulation]]
[2019.03.12-20.52.31:121][  0]LogConfig: Setting CVar [[r.DOF.Kernel.MaxForegroundRadius:0.025]]
[2019.03.12-20.52.31:121][  0]LogConfig: Setting CVar [[r.DOF.Kernel.MaxBackgroundRadius:0.025]]
[2019.03.12-20.52.31:121][  0]LogConfig: Applying CVar settings from Section [TextureQuality@3] File [C:/UnrialProject/SandBox/Saved/Config/Windows/Scalability.ini]
[2019.03.12-20.52.31:121][  0]LogConfig: Setting CVar [[r.Streaming.MipBias:0]]
[2019.03.12-20.52.31:121][  0]LogConfig: Setting CVar [[r.Streaming.AmortizeCPUToGPUCopy:0]]
[2019.03.12-20.52.31:121][  0]LogConfig: Setting CVar [[r.Streaming.MaxNumTexturesToStreamPerFrame:0]]
[2019.03.12-20.52.31:121][  0]LogConfig: Setting CVar [[r.Streaming.Boost:1]]
[2019.03.12-20.52.31:121][  0]LogConfig: Setting CVar [[r.MaxAnisotropy:8]]
[2019.03.12-20.52.31:121][  0]LogConfig: Setting CVar [[r.Streaming.LimitPoolSizeToVRAM:0]]
[2019.03.12-20.52.31:121][  0]LogConfig: Setting CVar [[r.Streaming.PoolSize:1000]]
[2019.03.12-20.52.31:121][  0]LogConfig: Setting CVar [[r.Streaming.MaxEffectiveScreenSize:0]]
[2019.03.12-20.52.31:121][  0]LogConfig: Applying CVar settings from Section [EffectsQuality@3] File [C:/UnrialProject/SandBox/Saved/Config/Windows/Scalability.ini]
[2019.03.12-20.52.31:121][  0]LogConfig: Setting CVar [[r.TranslucencyLightingVolumeDim:64]]
[2019.03.12-20.52.31:121][  0]LogConfig: Setting CVar [[r.RefractionQuality:2]]
[2019.03.12-20.52.31:121][  0]LogConfig: Setting CVar [[r.SSR.Quality:3]]
[2019.03.12-20.52.31:121][  0]LogConfig: Setting CVar [[r.SceneColorFormat:4]]
[2019.03.12-20.52.31:121][  0]LogConfig: Setting CVar [[r.DetailMode:2]]
[2019.03.12-20.52.31:121][  0]LogConfig: Setting CVar [[r.TranslucencyVolumeBlur:1]]
[2019.03.12-20.52.31:121][  0]LogConfig: Setting CVar [[r.MaterialQualityLevel:1 ; High quality]]
[2019.03.12-20.52.31:121][  0]LogConfig: Setting CVar [[r.SSS.Scale:1]]
[2019.03.12-20.52.31:121][  0]LogConfig: Setting CVar [[r.SSS.SampleSet:2]]
[2019.03.12-20.52.31:121][  0]LogConfig: Setting CVar [[r.SSS.Quality:1]]
[2019.03.12-20.52.31:121][  0]LogConfig: Setting CVar [[r.SSS.HalfRes:1]]
[2019.03.12-20.52.31:121][  0]LogConfig: Setting CVar [[r.EmitterSpawnRateScale:1.0]]
[2019.03.12-20.52.31:121][  0]LogConfig: Setting CVar [[r.ParticleLightQuality:2]]
[2019.03.12-20.52.31:121][  0]LogConfig: Applying CVar settings from Section [FoliageQuality@3] File [C:/UnrialProject/SandBox/Saved/Config/Windows/Scalability.ini]
[2019.03.12-20.52.31:121][  0]LogConfig: Setting CVar [[foliage.DensityScale:1.0]]
[2019.03.12-20.52.31:121][  0]LogConfig: Setting CVar [[grass.DensityScale:1.0]]
[2019.03.12-20.52.31:121][  0]LogInit: Selected Device Profile: [Windows]
[2019.03.12-20.52.31:121][  0]LogInit: Applying CVar settings loaded from the selected device profile: [Windows]
[2019.03.12-20.52.31:129][  0]LogHAL: Display: Platform has ~ 8 GB [8471638016 / 8589934592 / 8], which maps to Default [LargestMinGB=32, LargerMinGB=12, DefaultMinGB=8, SmallerMinGB=6, SmallestMinGB=0)
[2019.03.12-20.52.31:129][  0]LogConfig: Setting CVar [[r.Vulkan.UseRealUBs:1]]
[2019.03.12-20.52.31:129][  0]LogInit: Going up to parent DeviceProfile []
[2019.03.12-20.52.31:129][  0]LogConfig: Applying CVar settings from Section [ViewDistanceQuality@3] File [C:/UnrialProject/SandBox/Saved/Config/Windows/Scalability.ini]
[2019.03.12-20.52.31:129][  0]LogConfig: Setting CVar [[r.SkeletalMeshLODBias:0]]
[2019.03.12-20.52.31:129][  0]LogConfig: Setting CVar [[r.ViewDistanceScale:1.0]]
[2019.03.12-20.52.31:129][  0]LogConfig: Applying CVar settings from Section [AntiAliasingQuality@3] File [C:/UnrialProject/SandBox/Saved/Config/Windows/Scalability.ini]
[2019.03.12-20.52.31:129][  0]LogConfig: Setting CVar [[r.PostProcessAAQuality:4]]
[2019.03.12-20.52.31:129][  0]LogConfig: Applying CVar settings from Section [ShadowQuality@3] File [C:/UnrialProject/SandBox/Saved/Config/Windows/Scalability.ini]
[2019.03.12-20.52.31:129][  0]LogConfig: Setting CVar [[r.LightFunctionQuality:1]]
[2019.03.12-20.52.31:129][  0]LogConfig: Setting CVar [[r.ShadowQuality:5]]
[2019.03.12-20.52.31:129][  0]LogConfig: Setting CVar [[r.Shadow.CSM.MaxCascades:10]]
[2019.03.12-20.52.31:129][  0]LogConfig: Setting CVar [[r.Shadow.MaxResolution:2048]]
[2019.03.12-20.52.31:129][  0]LogConfig: Setting CVar [[r.Shadow.MaxCSMResolution:2048]]
[2019.03.12-20.52.31:129][  0]LogConfig: Setting CVar [[r.Shadow.RadiusThreshold:0.01]]
[2019.03.12-20.52.31:129][  0]LogConfig: Setting CVar [[r.Shadow.DistanceScale:1.0]]
[2019.03.12-20.52.31:129][  0]LogConfig: Setting CVar [[r.Shadow.CSM.TransitionScale:1.0]]
[2019.03.12-20.52.31:129][  0]LogConfig: Setting CVar [[r.Shadow.PreShadowResolutionFactor:1.0]]
[2019.03.12-20.52.31:129][  0]LogConfig: Setting CVar [[r.DistanceFieldShadowing:1]]
[2019.03.12-20.52.31:129][  0]LogConfig: Setting CVar [[r.DistanceFieldAO:1]]
[2019.03.12-20.52.31:129][  0]LogConfig: Setting CVar [[r.AOQuality:2]]
[2019.03.12-20.52.31:129][  0]LogConfig: Setting CVar [[r.VolumetricFog:1]]
[2019.03.12-20.52.31:129][  0]LogConfig: Setting CVar [[r.VolumetricFog.GridPixelSize:8]]
[2019.03.12-20.52.31:129][  0]LogConfig: Setting CVar [[r.VolumetricFog.GridSizeZ:128]]
[2019.03.12-20.52.31:129][  0]LogConfig: Setting CVar [[r.VolumetricFog.HistoryMissSupersampleCount:4]]
[2019.03.12-20.52.31:129][  0]LogConfig: Setting CVar [[r.LightMaxDrawDistanceScale:1]]
[2019.03.12-20.52.31:129][  0]LogConfig: Setting CVar [[r.CapsuleShadows:1]]
[2019.03.12-20.52.31:129][  0]LogConfig: Applying CVar settings from Section [PostProcessQuality@3] File [C:/UnrialProject/SandBox/Saved/Config/Windows/Scalability.ini]
[2019.03.12-20.52.31:129][  0]LogConfig: Setting CVar [[r.MotionBlurQuality:4]]
[2019.03.12-20.52.31:129][  0]LogConfig: Setting CVar [[r.AmbientOcclusionMipLevelFactor:0.4]]
[2019.03.12-20.52.31:129][  0]LogConfig: Setting CVar [[r.AmbientOcclusionMaxQuality:100]]
[2019.03.12-20.52.31:129][  0]LogConfig: Setting CVar [[r.AmbientOcclusionLevels:-1]]
[2019.03.12-20.52.31:129][  0]LogConfig: Setting CVar [[r.AmbientOcclusionRadiusScale:1.0]]
[2019.03.12-20.52.31:129][  0]LogConfig: Setting CVar [[r.DepthOfFieldQuality:2]]
[2019.03.12-20.52.31:129][  0]LogConfig: Setting CVar [[r.RenderTargetPoolMin:400]]
[2019.03.12-20.52.31:129][  0]LogConfig: Setting CVar [[r.LensFlareQuality:2]]
[2019.03.12-20.52.31:129][  0]LogConfig: Setting CVar [[r.SceneColorFringeQuality:1]]
[2019.03.12-20.52.31:129][  0]LogConfig: Setting CVar [[r.EyeAdaptationQuality:2]]
[2019.03.12-20.52.31:129][  0]LogConfig: Setting CVar [[r.BloomQuality:5]]
[2019.03.12-20.52.31:129][  0]LogConfig: Setting CVar [[r.FastBlurThreshold:100]]
[2019.03.12-20.52.31:129][  0]LogConfig: Setting CVar [[r.Upscale.Quality:3]]
[2019.03.12-20.52.31:129][  0]LogConfig: Setting CVar [[r.Tonemapper.GrainQuantization:1]]
[2019.03.12-20.52.31:129][  0]LogConfig: Setting CVar [[r.LightShaftQuality:1]]
[2019.03.12-20.52.31:129][  0]LogConfig: Setting CVar [[r.Filter.SizeScale:1]]
[2019.03.12-20.52.31:129][  0]LogConfig: Setting CVar [[r.Tonemapper.Quality:5]]
[2019.03.12-20.52.31:129][  0]LogConfig: Setting CVar [[r.DOF.Gather.AccumulatorQuality:1        ; higher gathering accumulator quality]]
[2019.03.12-20.52.31:129][  0]LogConfig: Setting CVar [[r.DOF.Gather.PostfilterMethod:1          ; Median3x3 postfilering method]]
[2019.03.12-20.52.31:129][  0]LogConfig: Setting CVar [[r.DOF.Gather.EnableBokehSettings:0       ; no bokeh simulation when gathering]]
[2019.03.12-20.52.31:129][  0]LogConfig: Setting CVar [[r.DOF.Gather.RingCount:4                 ; medium number of samples when gathering]]
[2019.03.12-20.52.31:129][  0]LogConfig: Setting CVar [[r.DOF.Scatter.ForegroundCompositing:1    ; additive foreground scattering]]
[2019.03.12-20.52.31:129][  0]LogConfig: Setting CVar [[r.DOF.Scatter.BackgroundCompositing:2    ; additive background scattering]]
[2019.03.12-20.52.31:129][  0]LogConfig: Setting CVar [[r.DOF.Scatter.EnableBokehSettings:1      ; bokeh simulation when scattering]]
[2019.03.12-20.52.31:129][  0]LogConfig: Setting CVar [[r.DOF.Scatter.MaxSpriteRatio:0.1         ; only a maximum of 10% of scattered bokeh]]
[2019.03.12-20.52.31:129][  0]LogConfig: Setting CVar [[r.DOF.Recombine.Quality:1                ; cheap slight out of focus]]
[2019.03.12-20.52.31:129][  0]LogConfig: Setting CVar [[r.DOF.Recombine.EnableBokehSettings:0    ; no bokeh simulation on slight out of focus]]
[2019.03.12-20.52.31:129][  0]LogConfig: Setting CVar [[r.DOF.TemporalAAQuality:1                ; more stable temporal accumulation]]
[2019.03.12-20.52.31:129][  0]LogConfig: Setting CVar [[r.DOF.Kernel.MaxForegroundRadius:0.025]]
[2019.03.12-20.52.31:129][  0]LogConfig: Setting CVar [[r.DOF.Kernel.MaxBackgroundRadius:0.025]]
[2019.03.12-20.52.31:129][  0]LogConfig: Applying CVar settings from Section [TextureQuality@3] File [C:/UnrialProject/SandBox/Saved/Config/Windows/Scalability.ini]
[2019.03.12-20.52.31:129][  0]LogConfig: Setting CVar [[r.Streaming.MipBias:0]]
[2019.03.12-20.52.31:129][  0]LogConfig: Setting CVar [[r.Streaming.AmortizeCPUToGPUCopy:0]]
[2019.03.12-20.52.31:129][  0]LogConfig: Setting CVar [[r.Streaming.MaxNumTexturesToStreamPerFrame:0]]
[2019.03.12-20.52.31:129][  0]LogConfig: Setting CVar [[r.Streaming.Boost:1]]
[2019.03.12-20.52.31:129][  0]LogConfig: Setting CVar [[r.MaxAnisotropy:8]]
[2019.03.12-20.52.31:129][  0]LogConfig: Setting CVar [[r.Streaming.LimitPoolSizeToVRAM:0]]
[2019.03.12-20.52.31:129][  0]LogConfig: Setting CVar [[r.Streaming.PoolSize:1000]]
[2019.03.12-20.52.31:129][  0]LogConfig: Setting CVar [[r.Streaming.MaxEffectiveScreenSize:0]]
[2019.03.12-20.52.31:129][  0]LogConfig: Applying CVar settings from Section [EffectsQuality@3] File [C:/UnrialProject/SandBox/Saved/Config/Windows/Scalability.ini]
[2019.03.12-20.52.31:129][  0]LogConfig: Setting CVar [[r.TranslucencyLightingVolumeDim:64]]
[2019.03.12-20.52.31:129][  0]LogConfig: Setting CVar [[r.RefractionQuality:2]]
[2019.03.12-20.52.31:129][  0]LogConfig: Setting CVar [[r.SSR.Quality:3]]
[2019.03.12-20.52.31:129][  0]LogConfig: Setting CVar [[r.SceneColorFormat:4]]
[2019.03.12-20.52.31:129][  0]LogConfig: Setting CVar [[r.DetailMode:2]]
[2019.03.12-20.52.31:129][  0]LogConfig: Setting CVar [[r.TranslucencyVolumeBlur:1]]
[2019.03.12-20.52.31:129][  0]LogConfig: Setting CVar [[r.MaterialQualityLevel:1 ; High quality]]
[2019.03.12-20.52.31:129][  0]LogConfig: Setting CVar [[r.SSS.Scale:1]]
[2019.03.12-20.52.31:129][  0]LogConfig: Setting CVar [[r.SSS.SampleSet:2]]
[2019.03.12-20.52.31:129][  0]LogConfig: Setting CVar [[r.SSS.Quality:1]]
[2019.03.12-20.52.31:129][  0]LogConfig: Setting CVar [[r.SSS.HalfRes:1]]
[2019.03.12-20.52.31:129][  0]LogConfig: Setting CVar [[r.EmitterSpawnRateScale:1.0]]
[2019.03.12-20.52.31:129][  0]LogConfig: Setting CVar [[r.ParticleLightQuality:2]]
[2019.03.12-20.52.31:129][  0]LogConfig: Applying CVar settings from Section [FoliageQuality@3] File [C:/UnrialProject/SandBox/Saved/Config/Windows/Scalability.ini]
[2019.03.12-20.52.31:129][  0]LogConfig: Setting CVar [[foliage.DensityScale:1.0]]
[2019.03.12-20.52.31:129][  0]LogConfig: Setting CVar [[grass.DensityScale:1.0]]
[2019.03.12-20.52.31:129][  0]LogConfig: Applying CVar settings from Section [Startup] File [../../../Engine/Config/ConsoleVariables.ini]
[2019.03.12-20.52.31:129][  0]LogConfig: Setting CVar [[net.UseAdaptiveNetUpdateFrequency:0]]
[2019.03.12-20.52.31:129][  0]LogConfig: Applying CVar settings from Section [ConsoleVariables] File [C:/UnrialProject/SandBox/Saved/Config/Windows/Engine.ini]
[2019.03.12-20.52.31:130][  0]LogInit: Computer: TYOKO-TV
[2019.03.12-20.52.31:130][  0]LogInit: User: tyoko
[2019.03.12-20.52.31:130][  0]LogInit: CPU Page size=4096, Cores=4
[2019.03.12-20.52.31:130][  0]LogInit: High frequency timer resolution =3.906289 MHz
[2019.03.12-20.52.31:130][  0]LogMemory: Memory total: Physical=7.9GB (8GB approx)
[2019.03.12-20.52.31:130][  0]LogMemory: Platform Memory Stats for Windows
[2019.03.12-20.52.31:130][  0]LogMemory: Process Physical Memory: 105.52 MB used, 105.52 MB peak
[2019.03.12-20.52.31:130][  0]LogMemory: Process Virtual Memory: 93.07 MB used, 93.07 MB peak
[2019.03.12-20.52.31:130][  0]LogMemory: Physical Memory: 5084.02 MB used,  2995.17 MB free, 8079.18 MB total
[2019.03.12-20.52.31:130][  0]LogMemory: Virtual Memory: 497.97 MB used,  8388110.00 MB free, 8388608.00 MB total
[2019.03.12-20.52.31:144][  0]LogInit: Using OS detected language (ja-JP).
[2019.03.12-20.52.31:144][  0]LogInit: Using OS detected locale (ja-JP).
[2019.03.12-20.52.31:144][  0]LogTextLocalizationManager: No specific localization for 'ja-JP' exists, so the 'ja' localization will be used.
[2019.03.12-20.52.31:451][  0]LogStreaming: Display: Took  0.308s to InitEngineTextLocalization.
[2019.03.12-20.52.31:451][  0]LogWindows: Failed to load 'shcore.dll' (GetLastError=126)
[2019.03.12-20.52.31:451][  0]LogWindows: File 'shcore.dll' does not exist
[2019.03.12-20.52.31:452][  0]LogInit: Setting process to DPI aware
[2019.03.12-20.52.31:473][  0]LogSlate: New Slate User Created.  User Index 0, Is Virtual User: 0
[2019.03.12-20.52.31:473][  0]LogSlate: Slate User Registered.  User Index 0, Is Virtual User: 0
[2019.03.12-20.52.31:590][  0]LogHMD: Failed to initialize OpenVR with code 110
[2019.03.12-20.52.31:590][  0]LogD3D11RHI: D3D11 adapters:
[2019.03.12-20.52.31:614][  0]LogD3D11RHI:    0. 'NVIDIA GeForce GTX 750 Ti' (Feature Level 11_0)
[2019.03.12-20.52.31:614][  0]LogD3D11RHI:       1984/0/3783 MB DedicatedVideo/DedicatedSystem/SharedSystem, Outputs:2, VendorId:0x10de
[2019.03.12-20.52.31:620][  0]LogD3D11RHI:    1. 'Intel(R) HD Graphics 4600' (Feature Level 11_0)
[2019.03.12-20.52.31:620][  0]LogD3D11RHI:       192/0/1632 MB DedicatedVideo/DedicatedSystem/SharedSystem, Outputs:0, VendorId:0x8086
[2019.03.12-20.52.31:620][  0]LogD3D11RHI: Chosen D3D11 Adapter: 0
[2019.03.12-20.52.31:625][  0]LogD3D11RHI: Creating new Direct3DDevice
[2019.03.12-20.52.31:625][  0]LogD3D11RHI:     GPU DeviceId: 0x1380 (for the marketing name, search the web for "GPU Device Id")
[2019.03.12-20.52.31:625][  0]LogWindows: EnumDisplayDevices:
[2019.03.12-20.52.31:625][  0]LogWindows:    0. 'NVIDIA GeForce GTX 750 Ti' (P:1 D:1)
[2019.03.12-20.52.31:625][  0]LogWindows:    1. 'NVIDIA GeForce GTX 750 Ti' (P:0 D:1)
[2019.03.12-20.52.31:625][  0]LogWindows:    2. 'NVIDIA GeForce GTX 750 Ti' (P:0 D:0)
[2019.03.12-20.52.31:626][  0]LogWindows:    3. 'Intel(R) HD Graphics 4600' (P:0 D:0)
[2019.03.12-20.52.31:626][  0]LogWindows:    4. 'Intel(R) HD Graphics 4600' (P:0 D:0)
[2019.03.12-20.52.31:626][  0]LogWindows:    5. 'Intel(R) HD Graphics 4600' (P:0 D:0)
[2019.03.12-20.52.31:626][  0]LogWindows:    6. 'RDPDD Chained DD' (P:0 D:0)
[2019.03.12-20.52.31:626][  0]LogWindows:    7. 'RDP Encoder Mirror Driver' (P:0 D:0)
[2019.03.12-20.52.31:626][  0]LogWindows:    8. 'RDP Reflector Display Driver' (P:0 D:0)
[2019.03.12-20.52.31:626][  0]LogWindows: DebugString: PrimaryIsNotTheChoosenAdapter PrimaryIsNotTheChoosenAdapter PrimaryIsNotTheChoosenAdapter GetVideoDriverDetailsInvalid PrimaryIsNotTheChoosenAdapter GetVideoDriverDetailsInvalid PrimaryIsNotTheChoosenAdapter GetVideoDriverDetailsInvalid PrimaryIsNotTheChoosenAdapter FoundDriverCount:3 
[2019.03.12-20.52.31:626][  0]LogD3D11RHI:     Adapter Name: NVIDIA GeForce GTX 750 Ti
[2019.03.12-20.52.31:626][  0]LogD3D11RHI:   Driver Version: 391.35 (internal:23.21.13.9135, unified:391.35)
[2019.03.12-20.52.31:626][  0]LogD3D11RHI:      Driver Date: 3-23-2018
[2019.03.12-20.52.31:626][  0]LogRHI: Texture pool is 1388 MB (70% of 1984 MB)
[2019.03.12-20.52.31:637][  0]LogD3D11RHI: Async texture creation enabled
[2019.03.12-20.52.31:664][  0]LogD3D11RHI: GPU Timing Frequency: 1000.000000 (Debug: 2 2)
[2019.03.12-20.52.31:824][  0]LogTemp: Display: Loaded TP AllDesktopTargetPlatform
[2019.03.12-20.52.31:834][  0]LogTemp: Display: Loaded TP MacClientTargetPlatform
[2019.03.12-20.52.31:843][  0]LogTemp: Display: Loaded TP MacNoEditorTargetPlatform
[2019.03.12-20.52.31:852][  0]LogTemp: Display: Loaded TP MacServerTargetPlatform
[2019.03.12-20.52.31:862][  0]LogTemp: Display: Loaded TP MacTargetPlatform
[2019.03.12-20.52.31:871][  0]LogTemp: Display: Loaded TP WindowsClientTargetPlatform
[2019.03.12-20.52.31:881][  0]LogTemp: Display: Loaded TP WindowsNoEditorTargetPlatform
[2019.03.12-20.52.31:890][  0]LogTemp: Display: Loaded TP WindowsServerTargetPlatform
[2019.03.12-20.52.31:894][  0]LogTemp: Display: Loaded TP WindowsTargetPlatform
[2019.03.12-20.52.31:950][  0]LogTemp: Display: Loaded TP AndroidTargetPlatform
[2019.03.12-20.52.31:950][  0]LogTemp: Display: Loaded TP AndroidTargetPlatform
[2019.03.12-20.52.31:950][  0]LogTemp: Display: Loaded TP AndroidTargetPlatform
[2019.03.12-20.52.31:950][  0]LogTemp: Display: Loaded TP AndroidTargetPlatform
[2019.03.12-20.52.31:950][  0]LogTemp: Display: Loaded TP AndroidTargetPlatform
[2019.03.12-20.52.31:950][  0]LogTemp: Display: Loaded TP AndroidTargetPlatform
[2019.03.12-20.52.31:950][  0]LogTemp: Display: Loaded TP AndroidTargetPlatform
[2019.03.12-20.52.31:950][  0]LogTemp: Display: Loaded TP AndroidTargetPlatform
[2019.03.12-20.52.31:950][  0]LogTemp: Display: Loaded TP AndroidTargetPlatform
[2019.03.12-20.52.31:950][  0]LogTemp: Display: Loaded TP AndroidTargetPlatform
[2019.03.12-20.52.31:950][  0]LogTemp: Display: Loaded TP AndroidTargetPlatform
[2019.03.12-20.52.31:950][  0]LogTemp: Display: Loaded TP AndroidTargetPlatform
[2019.03.12-20.52.31:950][  0]LogTemp: Display: Loaded TP AndroidTargetPlatform
[2019.03.12-20.52.31:950][  0]LogTemp: Display: Loaded TP AndroidTargetPlatform
[2019.03.12-20.52.31:950][  0]LogTemp: Display: Loaded TP AndroidTargetPlatform
[2019.03.12-20.52.31:950][  0]LogTemp: Display: Loaded TP AndroidTargetPlatform
[2019.03.12-20.52.31:950][  0]LogTemp: Display: Loaded TP AndroidTargetPlatform
[2019.03.12-20.52.31:950][  0]LogTemp: Display: Loaded TP AndroidTargetPlatform
[2019.03.12-20.52.31:951][  0]LogTemp: Display: Loaded TP HTML5TargetPlatform
[2019.03.12-20.52.32:000][  0]LogTemp: Display: Loaded TP IOSTargetPlatform
[2019.03.12-20.52.32:000][  0]LogTemp: Display: Loaded TP IOSTargetPlatform
[2019.03.12-20.52.32:017][  0]LogTemp: Display: Loaded TP TVOSTargetPlatform
[2019.03.12-20.52.32:017][  0]LogTemp: Display: Loaded TP TVOSTargetPlatform
[2019.03.12-20.52.32:027][  0]LogTemp: Display: Loaded TP LinuxClientTargetPlatform
[2019.03.12-20.52.32:036][  0]LogTemp: Display: Loaded TP LinuxNoEditorTargetPlatform
[2019.03.12-20.52.32:045][  0]LogTemp: Display: Loaded TP LinuxServerTargetPlatform
[2019.03.12-20.52.32:055][  0]LogTemp: Display: Loaded TP LinuxTargetPlatform
[2019.03.12-20.52.32:089][  0]LogTemp: Display: Loaded TP LuminTargetPlatform
[2019.03.12-20.52.32:089][  0]LogTemp: Display: Loaded TP LuminTargetPlatform
[2019.03.12-20.52.32:089][  0]LogTargetPlatformManager: Display: Building Assets For Windows
[2019.03.12-20.52.32:119][  0]LogShaderCompilers: Guid format shader working directory is 10 characters bigger than the processId version (../../../../../UnrialProject/SandBox/Intermediate/Shaders/WorkingDirectory/7960/).
[2019.03.12-20.52.32:119][  0]LogShaderCompilers: Cleaned the shader compiler working directory 'C:/Users/tyoko/AppData/Local/Temp/UnrealShaderWorkingDir/DAF32CC3462F5B88511CE38BC2C22F27/'.
[2019.03.12-20.52.32:120][  0]LogXGEController: Cannot use XGE Controller as Incredibuild is not installed on this machine.
[2019.03.12-20.52.32:120][  0]LogShaderCompilers: Cannot use XGE Shader Compiler as Incredibuild is not installed on this machine.
[2019.03.12-20.52.32:120][  0]LogShaderCompilers: Display: Using Local Shader Compiler.
[2019.03.12-20.52.32:569][  0]LogDerivedDataCache: Display: Max Cache Size: 512 MB
[2019.03.12-20.52.32:622][  0]LogDerivedDataCache: Loaded boot cache 0.05s 71MB C:/Users/tyoko/AppData/Local/UnrealEngine/4.21/DerivedDataCache/Boot.ddc.
[2019.03.12-20.52.32:623][  0]LogDerivedDataCache: Display: Loaded Boot cache: C:/Users/tyoko/AppData/Local/UnrealEngine/4.21/DerivedDataCache/Boot.ddc
[2019.03.12-20.52.32:623][  0]LogDerivedDataCache: FDerivedDataBackendGraph:  Pak pak cache file ../../../../../UnrialProject/SandBox/DerivedDataCache/DDC.ddp not found, will not use a pak cache.
[2019.03.12-20.52.32:623][  0]LogDerivedDataCache: Unable to find inner node Pak for hierarchical cache Hierarchy.
[2019.03.12-20.52.32:623][  0]LogDerivedDataCache: FDerivedDataBackendGraph:  CompressedPak pak cache file ../../../../../UnrialProject/SandBox/DerivedDataCache/Compressed.ddp not found, will not use a pak cache.
[2019.03.12-20.52.32:623][  0]LogDerivedDataCache: Unable to find inner node CompressedPak for hierarchical cache Hierarchy.
[2019.03.12-20.52.32:633][  0]LogDerivedDataCache: Display: Pak cache opened for reading ../../../Engine/DerivedDataCache/Compressed.ddp.
[2019.03.12-20.52.32:633][  0]LogDerivedDataCache: FDerivedDataBackendGraph:  EnterprisePak pak cache file ../../../Enterprise/DerivedDataCache/Compressed.ddp not found, will not use a pak cache.
[2019.03.12-20.52.32:633][  0]LogDerivedDataCache: Unable to find inner node EnterprisePak for hierarchical cache Hierarchy.
[2019.03.12-20.52.32:644][  0]LogDerivedDataCache: Using Local data cache path C:/Users/tyoko/AppData/Local/UnrealEngine/Common/DerivedDataCache: Writable
[2019.03.12-20.52.32:644][  0]LogDerivedDataCache: Shared data cache path not found in *engine.ini, will not use an Shared cache.
[2019.03.12-20.52.32:644][  0]LogDerivedDataCache: Unable to find inner node Shared for hierarchical cache Hierarchy.
[2019.03.12-20.52.32:662][  0]LogMaterial: Verifying Global Shaders for PCD3D_SM5
[2019.03.12-20.52.32:663][  0]LogSlate: Using FreeType 2.6.0
[2019.03.12-20.52.32:663][  0]LogSlate: SlateFontServices - WITH_FREETYPE: 1, WITH_HARFBUZZ: 1
[2019.03.12-20.52.32:730][  0]LogAssetRegistry: FAssetRegistry took 0.0289 seconds to start up
[2019.03.12-20.52.32:971][  0]LogInit: Selected Device Profile: [Windows]
[2019.03.12-20.52.33:017][  0]LogSimplygon: Simplygon DLL not present - disabling.
[2019.03.12-20.52.33:019][  0]LogMeshReduction: Using SimplygonSwarm for distributed automatic mesh merging
[2019.03.12-20.52.33:019][  0]LogMeshReduction: Using ProxyLODMeshReduction for automatic mesh merging
[2019.03.12-20.52.33:019][  0]LogMeshReduction: Using QuadricMeshReduction for automatic static mesh reduction
[2019.03.12-20.52.33:019][  0]LogMeshReduction: No automatic skeletal mesh reduction module available
[2019.03.12-20.52.33:100][  0]LogNetVersion: SandBox 1.0.0, NetCL: 4541578, EngineNetVer: 5, GameNetVer: 0 (Checksum: 1692580983)
[2019.03.12-20.52.33:497][  0]LogPackageLocalizationCache: Processed 11 localized package path(s) for 2 prioritized culture(s) in 0.067521 seconds
[2019.03.12-20.52.33:502][  0]LogUObjectArray: 39775 objects as part of root set at end of initial load.
[2019.03.12-20.52.33:502][  0]LogUObjectAllocator: 6914656 out of 0 bytes used by permanent object pool.
[2019.03.12-20.52.33:502][  0]LogUObjectArray: CloseDisregardForGC: 0/0 objects in disregard for GC pool
[2019.03.12-20.52.34:120][  0]LogTcpMessaging: Initializing TcpMessaging bridge
[2019.03.12-20.52.34:132][  0]LogUdpMessaging: Initializing bridge on interface 0.0.0.0:0 to multicast group 230.0.0.1:6666.
[2019.03.12-20.52.34:654][  0]SourceControl: ソースコントロールは無効です
[2019.03.12-20.52.34:654][  0]SourceControl: ソースコントロールは無効です
[2019.03.12-20.52.34:656][  0]SourceControl: ソースコントロールは無効です
[2019.03.12-20.52.34:656][  0]SourceControl: ソースコントロールは無効です
[2019.03.12-20.52.34:805][  0]LogAndroidPermission: UAndroidPermissionCallbackProxy::GetInstance
[2019.03.12-20.52.34:868][  0]LogOcInput: OculusInput pre-init called
[2019.03.12-20.52.35:051][  0]LogEngine: Initializing Engine...
[2019.03.12-20.52.35:052][  0]LogHMD: Failed to initialize OpenVR with code 110
[2019.03.12-20.52.35:054][  0]LogStats: UGameplayTagsManager::ConstructGameplayTagTree: ImportINI prefixes -  0.000 s
[2019.03.12-20.52.35:054][  0]LogStats: UGameplayTagsManager::ConstructGameplayTagTree: Construct from data asset -  0.000 s
[2019.03.12-20.52.35:054][  0]LogStats: UGameplayTagsManager::ConstructGameplayTagTree: ImportINI -  0.000 s
[2019.03.12-20.52.35:054][  0]LogStats: UGameplayTagsManager::ConstructGameplayTagTree: GameplayTagTreeChangedEvent.Broadcast -  0.000 s
[2019.03.12-20.52.35:301][  0]LogInit: Initializing FReadOnlyCVARCache
[2019.03.12-20.52.35:310][  0]LogAIModule: Creating AISystem for world Untitled
[2019.03.12-20.52.35:323][  0]LogInit: XAudio2 using 'スピーカー (3- UAB-80)' : 2 channels at 44.1 kHz using 16 bits per sample (channel mask 0x3)
[2019.03.12-20.52.35:344][  0]LogInit: FAudioDevice initialized.
[2019.03.12-20.52.35:345][  0]LogNetVersion: Set ProjectVersion to 1.0.0.0. Version Checksum will be recalculated on next use.
[2019.03.12-20.52.35:451][  0]LogDerivedDataCache: Saved boot cache 0.11s 71MB C:/Users/tyoko/AppData/Local/UnrealEngine/4.21/DerivedDataCache/Boot.ddc.
[2019.03.12-20.52.35:461][  0]LogInit: Texture streaming: Enabled
[2019.03.12-20.52.35:477][  0]LogEngineSessionManager: EngineSessionManager initialized
[2019.03.12-20.52.35:486][  0]LogInit: Transaction tracking system initialized
[2019.03.12-20.52.35:502][  0]BlueprintLog: New page: エディタの読み込み
[2019.03.12-20.52.35:544][  0]LocalizationService: ローカライズのサービスが無効になりました
[2019.03.12-20.52.35:872][  0]LogFileCache: Scanning file cache for directory 'C:/UnrialProject/SandBox/Content/' took 0.01s
[2019.03.12-20.52.35:872][  0]LogCook: Display: Max memory allowance for cook 16384mb min free memory 0mb
[2019.03.12-20.52.35:872][  0]LogCook: Display: Mobile HDR setting 1
[2019.03.12-20.52.35:872][  0]LogGameplayTags: Display: UGameplayTagsManager::DoneAddingNativeTags. DelegateIsBound: 0
[2019.03.12-20.52.35:872][  0]LogStats: UGameplayTagsManager::ConstructGameplayTagTree: ImportINI prefixes -  0.000 s
[2019.03.12-20.52.35:872][  0]LogStats: UGameplayTagsManager::ConstructGameplayTagTree: Construct from data asset -  0.000 s
[2019.03.12-20.52.35:872][  0]LogStats: UGameplayTagsManager::ConstructGameplayTagTree: ImportINI -  0.000 s
[2019.03.12-20.52.35:872][  0]LogStats: UGameplayTagsManager::ConstructGameplayTagTree: GameplayTagTreeChangedEvent.Broadcast -  0.000 s
[2019.03.12-20.52.35:951][  0]SourceControl: ソースコントロールは無効です
[2019.03.12-20.52.35:951][  0]Cmd: MAP LOAD FILE="../../../../../UnrialProject/SandBox/Content/StarterContent/Maps/Minimal_Default.umap" TEMPLATE=0 SHOWPROGRESS=1 FEATURELEVEL=3
[2019.03.12-20.52.35:951][  0]LightingResults: New page: ライティングのビルド
[2019.03.12-20.52.35:953][  0]MapCheck: New page: マップをチェック
[2019.03.12-20.52.35:953][  0]LightingResults: New page: <何も選択されていません>
[2019.03.12-20.52.36:545][  0]LogAIModule: Creating AISystem for world Minimal_Default
[2019.03.12-20.52.36:551][  0]LogEditorServer: Finished looking for orphan Actors (0.000 secs)
[2019.03.12-20.52.36:565][  0]Cmd: MAP CHECKDEP NOCLEARLOG
[2019.03.12-20.52.36:565][  0]MapCheck: マップチェックが完了: 0 エラー、 0 警告、完了に 0.083ミリ秒かかりました。
[2019.03.12-20.52.36:565][  0]LogFileHelpers: Loading map 'Minimal_Default' took 0.614
[2019.03.12-20.52.36:709][  0]LogSlate: Updating window title bar state: overlay mode, drag disabled, window buttons hidden, title bar hidden
[2019.03.12-20.52.36:719][  0]LogSlate: Updating window title bar state: overlay mode, drag disabled, window buttons hidden, title bar hidden
[2019.03.12-20.52.36:728][  0]LogSlate: Updating window title bar state: overlay mode, drag disabled, window buttons hidden, title bar hidden
[2019.03.12-20.52.36:734][  0]LogSlate: Updating window title bar state: overlay mode, drag disabled, window buttons hidden, title bar hidden
[2019.03.12-20.52.36:737][  0]LogCollectionManager: Loaded 0 collections in 0.000769 seconds
[2019.03.12-20.52.36:760][  0]LogFileCache: Scanning file cache for directory 'C:/UnrialProject/SandBox/Saved/Collections/' took 0.01s
[2019.03.12-20.52.36:760][  0]LogFileCache: Scanning file cache for directory 'C:/UnrialProject/SandBox/Content/Developers/tyoko/Collections/' took 0.01s
[2019.03.12-20.52.36:760][  0]LogFileCache: Scanning file cache for directory 'C:/UnrialProject/SandBox/Content/Collections/' took 0.00s
[2019.03.12-20.52.36:760][  0]LogCollectionManager: Rebuilt the GUID cache for 0 collections in 0.000000 seconds
[2019.03.12-20.52.36:767][  0]LogContentBrowser: Native class hierarchy populated in 0.0068 seconds. Added 2651 classes and 620 folders.
[2019.03.12-20.52.36:771][  0]LogContentBrowser: Native class hierarchy updated for 'WidgetCarousel' in 0.0003 seconds. Added 0 classes and 0 folders.
[2019.03.12-20.52.36:772][  0]LogPakFile: Registered encryption key '00000000000000000000000000000000': 0 pak files mounted, 0 remain pending
[2019.03.12-20.52.36:772][  0]LogPakFile: Registered encryption key '00000000000000000000000000000000': 0 pak files mounted, 0 remain pending
[2019.03.12-20.52.36:772][  0]LogPakFile: Registered encryption key '00000000000000000000000000000000': 0 pak files mounted, 0 remain pending
[2019.03.12-20.52.36:773][  0]LogPakFile: Registered encryption key '00000000000000000000000000000000': 0 pak files mounted, 0 remain pending
[2019.03.12-20.52.36:773][  0]LogPakFile: Registered encryption key '00000000000000000000000000000000': 0 pak files mounted, 0 remain pending
[2019.03.12-20.52.36:773][  0]LogPakFile: Registered encryption key '00000000000000000000000000000000': 0 pak files mounted, 0 remain pending
[2019.03.12-20.52.36:773][  0]LogPakFile: Registered encryption key '00000000000000000000000000000000': 0 pak files mounted, 0 remain pending
[2019.03.12-20.52.36:774][  0]LogPakFile: Registered encryption key '00000000000000000000000000000000': 0 pak files mounted, 0 remain pending
[2019.03.12-20.52.36:774][  0]LogPakFile: Registered encryption key '00000000000000000000000000000000': 0 pak files mounted, 0 remain pending
[2019.03.12-20.52.36:774][  0]LogPakFile: Registered encryption key '00000000000000000000000000000000': 0 pak files mounted, 0 remain pending
[2019.03.12-20.52.36:774][  0]LogPakFile: Registered encryption key '00000000000000000000000000000000': 0 pak files mounted, 0 remain pending
[2019.03.12-20.52.36:775][  0]LogPakFile: Registered encryption key '00000000000000000000000000000000': 0 pak files mounted, 0 remain pending
[2019.03.12-20.52.36:775][  0]LogPakFile: Registered encryption key '00000000000000000000000000000000': 0 pak files mounted, 0 remain pending
[2019.03.12-20.52.36:775][  0]LogPakFile: Registered encryption key '00000000000000000000000000000000': 0 pak files mounted, 0 remain pending
[2019.03.12-20.52.36:776][  0]LogPakFile: Registered encryption key '00000000000000000000000000000000': 0 pak files mounted, 0 remain pending
[2019.03.12-20.52.36:776][  0]LogPakFile: Registered encryption key '00000000000000000000000000000000': 0 pak files mounted, 0 remain pending
[2019.03.12-20.52.36:776][  0]LogPakFile: Registered encryption key '00000000000000000000000000000000': 0 pak files mounted, 0 remain pending
[2019.03.12-20.52.36:777][  0]LogPakFile: Registered encryption key '00000000000000000000000000000000': 0 pak files mounted, 0 remain pending
[2019.03.12-20.52.36:777][  0]LogPakFile: Registered encryption key '00000000000000000000000000000000': 0 pak files mounted, 0 remain pending
[2019.03.12-20.52.36:777][  0]LogPakFile: Registered encryption key '00000000000000000000000000000000': 0 pak files mounted, 0 remain pending
[2019.03.12-20.52.36:777][  0]LogPakFile: Registered encryption key '00000000000000000000000000000000': 0 pak files mounted, 0 remain pending
[2019.03.12-20.52.36:778][  0]LogPakFile: Registered encryption key '00000000000000000000000000000000': 0 pak files mounted, 0 remain pending
[2019.03.12-20.52.36:778][  0]LogPakFile: Registered encryption key '00000000000000000000000000000000': 0 pak files mounted, 0 remain pending
[2019.03.12-20.52.36:778][  0]LogPakFile: Registered encryption key '00000000000000000000000000000000': 0 pak files mounted, 0 remain pending
[2019.03.12-20.52.36:779][  0]LogPakFile: Registered encryption key '00000000000000000000000000000000': 0 pak files mounted, 0 remain pending
[2019.03.12-20.52.36:779][  0]LogPakFile: Registered encryption key '00000000000000000000000000000000': 0 pak files mounted, 0 remain pending
[2019.03.12-20.52.36:795][  0]LogContentBrowser: Native class hierarchy updated for 'AddContentDialog' in 0.0002 seconds. Added 0 classes and 0 folders.
[2019.03.12-20.52.36:798][  0]LogContentBrowser: Native class hierarchy updated for 'SceneOutliner' in 0.0002 seconds. Added 1 classes and 2 folders.
[2019.03.12-20.52.36:832][  0]LogContentBrowser: Native class hierarchy updated for 'HierarchicalLODOutliner' in 0.0002 seconds. Added 0 classes and 0 folders.
[2019.03.12-20.52.36:832][  0]LogLoad: (Engine Initialization) Total time: 6.82 seconds
[2019.03.12-20.52.36:833][  0]LogLoad: (Engine Initialization) Total Blueprint compile time: 0.00 seconds
[2019.03.12-20.52.36:901][  0]LogContentStreaming: Texture pool size now 1000 MB
[2019.03.12-20.52.36:902][  0]LogSlate: Took 0.000108 seconds to synchronously load lazily loaded font '../../../Engine/Content/Slate/Fonts/Roboto-Regular.ttf' (155K)
[2019.03.12-20.52.36:903][  0]LogSlate: Took 0.000194 seconds to synchronously load lazily loaded font '../../../Engine/Content/Editor/Slate/Fonts/GenEiGothicPro-Regular.otf' (707K)
[2019.03.12-20.52.36:904][  0]LogSlate: Took 0.000229 seconds to synchronously load lazily loaded font '../../../Engine/Content/Editor/Slate/Fonts/GenEiGothicPro-Bold.otf' (698K)
[2019.03.12-20.52.36:904][  0]LogSlate: Took 0.000071 seconds to synchronously load lazily loaded font '../../../Engine/Content/Slate/Fonts/Roboto-Bold.ttf' (160K)
[2019.03.12-20.52.36:906][  0]LogSlate: Took 0.000071 seconds to synchronously load lazily loaded font '../../../Engine/Content/Editor/Slate/Fonts/FontAwesome.ttf' (139K)
[2019.03.12-20.52.36:981][  0]LogSlate: Took 0.000109 seconds to synchronously load lazily loaded font '../../../Engine/Content/Slate/Fonts/Roboto-Light.ttf' (167K)
[2019.03.12-20.52.36:995][  1]LogRenderer: Reallocating scene render targets to support 860x412 Format 10 NumSamples 1 (Frame:1).
[2019.03.12-20.52.37:006][  1]LogAssetRegistry: Asset discovery search completed in 4.2966 seconds
[2019.03.12-20.52.37:007][  1]LogCollectionManager: Rebuilt the object cache for 0 collections in 0.000000 seconds (found 0 objects)
[2019.03.12-20.52.37:007][  1]LogCollectionManager: Fixed up redirectors for 0 collections in 0.000039 seconds (updated 0 objects)
[2019.03.12-20.52.39:270][252]LogSlate: FSceneViewport::OnFocusLost() reason 0
[2019.03.12-20.52.39:407][264]LogRenderer: Reallocating scene render targets to support 1296x656 Format 10 NumSamples 1 (Frame:254).
[2019.03.12-20.52.42:239][584]Cmd: STAT FPS
[2019.03.12-20.52.42:752][645]LogEditorViewport: Clicking on Actor (LMB): BP_Sky_Sphere_C (BP_Sky_Sphere)
[2019.03.12-20.53.04:000][777]LogSlate: FSceneViewport::OnFocusLost() reason 0
[2019.03.12-20.54.25:156][630]LogActorFactory: Actor Factory created SM_CornerFrame
[2019.03.12-20.54.26:320][728]LogActorFactory: Actor Factory created SM_CornerFrame
[2019.03.12-20.54.56:054][766]LogEditorViewport: Clicking on Actor (LMB): StaticMeshActor (Floor)
[2019.03.12-20.54.57:343][894]LogEditorViewport: Clicking on Actor (LMB): StaticMeshActor (SM_CornerFrame2)
[2019.03.12-20.55.07:834][ 40]Cmd: TRANSACTION UNDO
[2019.03.12-20.55.07:834][ 40]LogEditorTransaction: Undo アクタ を回転
[2019.03.12-20.55.07:953][ 40]LogSlate: Took 0.000484 seconds to synchronously load lazily loaded font '../../../Engine/Content/Editor/Slate/Fonts/GenEiGothicPro-Light.otf' (713K)
[2019.03.12-20.55.07:953][ 40]LogSlate: Took 0.000136 seconds to synchronously load lazily loaded font '../../../Engine/Content/Slate/Fonts/Roboto-Light.ttf' (167K)
[2019.03.12-20.55.08:278][ 64]Cmd: TRANSACTION UNDO
[2019.03.12-20.55.08:278][ 64]LogEditorTransaction: Undo アクタをクリック
[2019.03.12-20.55.09:638][201]Cmd: TRANSACTION UNDO
[2019.03.12-20.55.09:638][201]LogEditorTransaction: Undo アクタをクリック
[2019.03.12-20.55.13:684][635]Cmd: TRANSACTION UNDO
[2019.03.12-20.55.13:684][635]LogEditorTransaction: Undo アクタ を回転
[2019.03.12-20.55.14:332][690]Cmd: TRANSACTION UNDO
[2019.03.12-20.55.14:332][690]LogEditorTransaction: Undo アクタ を回転
[2019.03.12-20.55.14:895][750]Cmd: TRANSACTION UNDO
[2019.03.12-20.55.14:895][750]LogEditorTransaction: Undo アクタ を回転
[2019.03.12-20.55.23:676][703]LogEditorViewport: Clicking on Actor (context menu): StaticMeshActor (Floor)
[2019.03.12-20.55.24:004][703]LogSlate: FSceneViewport::OnFocusLost() reason 2
[2019.03.12-20.55.24:250][707]LogEditorViewport: Clicking on Actor (context menu): StaticMeshActor (Floor)
[2019.03.12-20.55.24:272][707]LogSlate: FSceneViewport::OnFocusLost() reason 2
[2019.03.12-20.55.25:160][805]LogEditorViewport: Clicking on Actor (LMB): BP_Sky_Sphere_C (BP_Sky_Sphere)
[2019.03.12-20.56.01:594][460]LogSlate: FSceneViewport::OnFocusLost() reason 0
[2019.03.12-20.56.26:294][929]LogTemp: Repeating last play command: 選択ビューポート
[2019.03.12-20.56.26:302][929]LogBlueprintUserMessages: Early PlayInEditor Detection: Level '/Game/StarterContent/Maps/Minimal_Default.Minimal_Default:PersistentLevel' has LevelScriptBlueprint '/Game/StarterContent/Maps/Minimal_Default.Minimal_Default:PersistentLevel.Minimal_Default' with GeneratedClass '/Game/StarterContent/Maps/Minimal_Default.Minimal_Default_C' with ClassGeneratedBy '/Game/StarterContent/Maps/Minimal_Default.Minimal_Default:PersistentLevel.Minimal_Default'
[2019.03.12-20.56.26:302][929]LogPlayLevel: PlayLevel: No blueprints needed recompiling
[2019.03.12-20.56.26:302][929]PIE: New page: PIEセッション: Minimal_Default (2019/03/13 14:56:26)
[2019.03.12-20.56.26:314][929]LogPlayLevel: Creating play world package: /Game/StarterContent/Maps/UEDPIE_0_Minimal_Default
[2019.03.12-20.56.26:318][929]LogPlayLevel: PIE: StaticDuplicateObject took: (0.003668s)
[2019.03.12-20.56.26:318][929]LogAIModule: Creating AISystem for world Minimal_Default
[2019.03.12-20.56.26:318][929]LogPlayLevel: PIE: World Init took: (0.000580s)
[2019.03.12-20.56.26:318][929]LogPlayLevel: PIE: Created PIE world by copying editor world from /Game/StarterContent/Maps/Minimal_Default.Minimal_Default to /Game/StarterContent/Maps/UEDPIE_0_Minimal_Default.Minimal_Default (0.004436s)
[2019.03.12-20.56.26:338][929]LogInit: XAudio2 using 'スピーカー (3- UAB-80)' : 2 channels at 44.1 kHz using 16 bits per sample (channel mask 0x3)
[2019.03.12-20.56.26:343][929]LogInit: FAudioDevice initialized.
[2019.03.12-20.56.26:384][929]LogLoad: Game class is 'GameModeBase'
[2019.03.12-20.56.26:390][929]LogWorld: Bringing World /Game/StarterContent/Maps/UEDPIE_0_Minimal_Default.Minimal_Default up for play (max tick rate 0) at 2019.03.13-05.56.26
[2019.03.12-20.56.26:390][929]LogWorld: Bringing up level for play took: 0.002334
[2019.03.12-20.56.26:412][929]LogContentBrowser: Native class hierarchy updated for 'MovieSceneCapture' in 0.0007 seconds. Added 20 classes and 0 folders.
[2019.03.12-20.56.26:413][929]PIE: /Game/StarterContent/Maps/UEDPIE_0_Minimal_Default -0.068のプレイ イン エディタの開始時間
[2019.03.12-20.56.26:414][929]LogBlueprintUserMessages: Late PlayInEditor Detection: Level '/Game/StarterContent/Maps/Minimal_Default.Minimal_Default:PersistentLevel' has LevelScriptBlueprint '/Game/StarterContent/Maps/Minimal_Default.Minimal_Default:PersistentLevel.Minimal_Default' with GeneratedClass '/Game/StarterContent/Maps/Minimal_Default.Minimal_Default_C' with ClassGeneratedBy '/Game/StarterContent/Maps/Minimal_Default.Minimal_Default:PersistentLevel.Minimal_Default'
[2019.03.12-20.56.34:341][873]LogBlueprintUserMessages: Early EndPlayMap Detection: Level '/Game/StarterContent/Maps/Minimal_Default.Minimal_Default:PersistentLevel' has LevelScriptBlueprint '/Game/StarterContent/Maps/Minimal_Default.Minimal_Default:PersistentLevel.Minimal_Default' with GeneratedClass '/Game/StarterContent/Maps/Minimal_Default.Minimal_Default_C' with ClassGeneratedBy '/Game/StarterContent/Maps/Minimal_Default.Minimal_Default:PersistentLevel.Minimal_Default'
[2019.03.12-20.56.34:341][873]LogSlate: Updating window title bar state: overlay mode, drag disabled, window buttons hidden, title bar hidden
[2019.03.12-20.56.34:373][873]LogPlayLevel: Display: Shutting down PIE online subsystems
[2019.03.12-20.56.34:373][873]LogBlueprintUserMessages: Late EndPlayMap Detection: Level '/Game/StarterContent/Maps/Minimal_Default.Minimal_Default:PersistentLevel' has LevelScriptBlueprint '/Game/StarterContent/Maps/Minimal_Default.Minimal_Default:PersistentLevel.Minimal_Default' with GeneratedClass '/Game/StarterContent/Maps/Minimal_Default.Minimal_Default_C' with ClassGeneratedBy '/Game/StarterContent/Maps/Minimal_Default.Minimal_Default:PersistentLevel.Minimal_Default'
[2019.03.12-20.56.34:392][873]LogSlate: Updating window title bar state: overlay mode, drag disabled, window buttons hidden, title bar hidden
[2019.03.12-20.56.34:447][877]LogPlayLevel: Display: Destroying online subsystem :Context_3
[2019.03.12-20.56.37:756][249]LogSlate: FSceneViewport::OnFocusLost() reason 2
[2019.03.12-20.56.38:188][294]LogSlate: FSceneViewport::OnFocusLost() reason 2
[2019.03.12-20.56.38:348][309]LogSlate: FSceneViewport::OnFocusLost() reason 2
[2019.03.12-20.56.41:457][650]LogEditorViewport: Clicking on Actor (LMB): StaticMeshActor (Chair)
[2019.03.12-20.56.44:189][935]LogSlate: FSceneViewport::OnFocusLost() reason 0
[2019.03.12-20.58.41:145][808]LogSavePackage: Moving '../../../../../UnrialProject/SandBox/Saved/Minimal_Default7DBB871E421AE81CB70B24B6F364503F.tmp' to '../../../../../UnrialProject/SandBox/Content/StarterContent/Maps/Minimal_Default.umap'
[2019.03.12-20.58.41:218][808]Cmd: OBJ SAVEPACKAGE PACKAGE="/Game/StarterContent/Maps/Minimal_Default_BuiltData" FILE="../../../../../UnrialProject/SandBox/Content/StarterContent/Maps/Minimal_Default_BuiltData.uasset" SILENT=true
[2019.03.12-20.58.41:353][808]LogSavePackage: Moving '../../../../../UnrialProject/SandBox/Saved/Minimal_Default_BuiltDataBA6AE77146308AE88B06F19448F80FE5.tmp' to '../../../../../UnrialProject/SandBox/Content/StarterContent/Maps/Minimal_Default_BuiltData.uasset'
[2019.03.12-20.59.50:972][550]LogSlate: FSceneViewport::OnFocusLost() reason 0
[2019.03.12-21.00.05:755][705]LogAIModule: Creating AISystem for world StarterMap
[2019.03.12-21.00.05:792][705]LogAssetEditorManager: Opening Asset editor for World /Game/StarterContent/Maps/StarterMap.StarterMap
[2019.03.12-21.00.05:846][705]Cmd: MAP LOAD FILE="../../../../../UnrialProject/SandBox/Content/StarterContent/Maps/StarterMap.umap" TEMPLATE=0 SHOWPROGRESS=1 FEATURELEVEL=3
[2019.03.12-21.00.05:846][705]LightingResults: New page: ライティングのビルド
[2019.03.12-21.00.05:847][705]LoadErrors: New page: マップをロード中: StarterMap.umap
[2019.03.12-21.00.05:847][705]MapCheck: New page: マップをチェック
[2019.03.12-21.00.05:847][705]LightingResults: New page: <何も選択されていません>
[2019.03.12-21.00.05:876][705]LogEditorServer: Finished looking for orphan Actors (0.000 secs)
[2019.03.12-21.00.05:907][705]Cmd: MAP CHECKDEP NOCLEARLOG
[2019.03.12-21.00.05:907][705]MapCheck: マップチェックが完了: 0 エラー、 0 警告、完了に 0.114ミリ秒かかりました。
[2019.03.12-21.00.05:907][705]LogFileHelpers: Loading map 'StarterMap' took 0.062
[2019.03.12-21.00.30:366][304]LogSlate: FSceneViewport::OnFocusLost() reason 2
[2019.03.12-21.00.31:534][379]LogBlueprintUserMessages: Early PlayInEditor Detection: Level '/Game/StarterContent/Maps/StarterMap.StarterMap:PersistentLevel' has LevelScriptBlueprint '/Game/StarterContent/Maps/StarterMap.StarterMap:PersistentLevel.StarterMap' with GeneratedClass '/Game/StarterContent/Maps/StarterMap.StarterMap_C' with ClassGeneratedBy '/Game/StarterContent/Maps/StarterMap.StarterMap:PersistentLevel.StarterMap'
[2019.03.12-21.00.31:534][379]LogPlayLevel: PlayLevel: No blueprints needed recompiling
[2019.03.12-21.00.31:534][379]PIE: New page: SIEセッション: StarterMap (2019/03/13 15:00:31)
[2019.03.12-21.00.31:534][379]LogPlayLevel: Creating play world package: /Game/StarterContent/Maps/UEDPIE_0_StarterMap
[2019.03.12-21.00.31:550][379]LogPlayLevel: PIE: StaticDuplicateObject took: (0.015392s)
[2019.03.12-21.00.31:550][379]LogAIModule: Creating AISystem for world StarterMap
[2019.03.12-21.00.31:551][379]LogPlayLevel: PIE: World Init took: (0.000689s)
[2019.03.12-21.00.31:551][379]LogPlayLevel: PIE: Created PIE world by copying editor world from /Game/StarterContent/Maps/StarterMap.StarterMap to /Game/StarterContent/Maps/UEDPIE_0_StarterMap.StarterMap (0.016291s)
[2019.03.12-21.00.31:570][379]LogInit: XAudio2 using 'スピーカー (3- UAB-80)' : 2 channels at 44.1 kHz using 16 bits per sample (channel mask 0x3)
[2019.03.12-21.00.31:576][379]LogInit: FAudioDevice initialized.
[2019.03.12-21.00.31:576][379]LogSlate: FSceneViewport::OnFocusLost() reason 2
[2019.03.12-21.00.31:608][379]LogLoad: Game class is 'GameModeBase'
[2019.03.12-21.00.31:622][379]LogWorld: Bringing World /Game/StarterContent/Maps/UEDPIE_0_StarterMap.StarterMap up for play (max tick rate 0) at 2019.03.13-06.00.31
[2019.03.12-21.00.31:624][379]LogWorld: Bringing up level for play took: 0.014688
[2019.03.12-21.00.31:637][379]PIE: /Game/StarterContent/Maps/UEDPIE_0_StarterMap -0.847のプレイ イン エディタの開始時間
[2019.03.12-21.00.31:706][379]LogBlueprintUserMessages: Late PlayInEditor Detection: Level '/Game/StarterContent/Maps/StarterMap.StarterMap:PersistentLevel' has LevelScriptBlueprint '/Game/StarterContent/Maps/StarterMap.StarterMap:PersistentLevel.StarterMap' with GeneratedClass '/Game/StarterContent/Maps/StarterMap.StarterMap_C' with ClassGeneratedBy '/Game/StarterContent/Maps/StarterMap.StarterMap:PersistentLevel.StarterMap'
[2019.03.12-21.00.36:688][690]LogBlueprintUserMessages: Early EndPlayMap Detection: Level '/Game/StarterContent/Maps/StarterMap.StarterMap:PersistentLevel' has LevelScriptBlueprint '/Game/StarterContent/Maps/StarterMap.StarterMap:PersistentLevel.StarterMap' with GeneratedClass '/Game/StarterContent/Maps/StarterMap.StarterMap_C' with ClassGeneratedBy '/Game/StarterContent/Maps/StarterMap.StarterMap:PersistentLevel.StarterMap'
[2019.03.12-21.00.36:689][690]LogSlate: Updating window title bar state: overlay mode, drag disabled, window buttons hidden, title bar hidden
[2019.03.12-21.00.36:719][690]LogPlayLevel: Display: Shutting down PIE online subsystems
[2019.03.12-21.00.36:720][690]LogBlueprintUserMessages: Late EndPlayMap Detection: Level '/Game/StarterContent/Maps/StarterMap.StarterMap:PersistentLevel' has LevelScriptBlueprint '/Game/StarterContent/Maps/StarterMap.StarterMap:PersistentLevel.StarterMap' with GeneratedClass '/Game/StarterContent/Maps/StarterMap.StarterMap_C' with ClassGeneratedBy '/Game/StarterContent/Maps/StarterMap.StarterMap:PersistentLevel.StarterMap'
[2019.03.12-21.00.36:740][690]LogSlate: Updating window title bar state: overlay mode, drag disabled, window buttons hidden, title bar hidden
[2019.03.12-21.00.36:799][694]LogPlayLevel: Display: Destroying online subsystem :Context_4
[2019.03.12-21.00.55:583][ 17]LogBlueprintUserMessages: Early PlayInEditor Detection: Level '/Game/StarterContent/Maps/StarterMap.StarterMap:PersistentLevel' has LevelScriptBlueprint '/Game/StarterContent/Maps/StarterMap.StarterMap:PersistentLevel.StarterMap' with GeneratedClass '/Game/StarterContent/Maps/StarterMap.StarterMap_C' with ClassGeneratedBy '/Game/StarterContent/Maps/StarterMap.StarterMap:PersistentLevel.StarterMap'
[2019.03.12-21.00.55:583][ 17]LogPlayLevel: PlayLevel: No blueprints needed recompiling
[2019.03.12-21.00.55:583][ 17]PIE: New page: PIEセッション: StarterMap (2019/03/13 15:00:55)
[2019.03.12-21.00.55:583][ 17]LogPlayLevel: Creating play world package: /Game/StarterContent/Maps/UEDPIE_0_StarterMap
[2019.03.12-21.00.55:599][ 17]LogPlayLevel: PIE: StaticDuplicateObject took: (0.015652s)
[2019.03.12-21.00.55:599][ 17]LogAIModule: Creating AISystem for world StarterMap
[2019.03.12-21.00.55:600][ 17]LogPlayLevel: PIE: World Init took: (0.000797s)
[2019.03.12-21.00.55:600][ 17]LogPlayLevel: PIE: Created PIE world by copying editor world from /Game/StarterContent/Maps/StarterMap.StarterMap to /Game/StarterContent/Maps/UEDPIE_0_StarterMap.StarterMap (0.016586s)
[2019.03.12-21.00.55:620][ 17]LogInit: XAudio2 using 'スピーカー (3- UAB-80)' : 2 channels at 44.1 kHz using 16 bits per sample (channel mask 0x3)
[2019.03.12-21.00.55:625][ 17]LogInit: FAudioDevice initialized.
[2019.03.12-21.00.55:628][ 17]LogSlate: Updating window title bar state: overlay mode, drag disabled, window buttons hidden, title bar hidden
[2019.03.12-21.00.55:684][ 17]LogLoad: Game class is 'GameModeBase'
[2019.03.12-21.00.55:696][ 17]LogWorld: Bringing World /Game/StarterContent/Maps/UEDPIE_0_StarterMap.StarterMap up for play (max tick rate 0) at 2019.03.13-06.00.55
[2019.03.12-21.00.55:697][ 17]LogWorld: Bringing up level for play took: 0.011931
[2019.03.12-21.00.55:714][ 17]PIE: /Game/StarterContent/Maps/UEDPIE_0_StarterMap -0.77のプレイ イン エディタの開始時間
[2019.03.12-21.00.55:714][ 17]LogBlueprintUserMessages: Late PlayInEditor Detection: Level '/Game/StarterContent/Maps/StarterMap.StarterMap:PersistentLevel' has LevelScriptBlueprint '/Game/StarterContent/Maps/StarterMap.StarterMap:PersistentLevel.StarterMap' with GeneratedClass '/Game/StarterContent/Maps/StarterMap.StarterMap_C' with ClassGeneratedBy '/Game/StarterContent/Maps/StarterMap.StarterMap:PersistentLevel.StarterMap'
[2019.03.12-21.00.55:770][ 17]LogRenderer: Reallocating scene render targets to support 1296x756 Format 10 NumSamples 1 (Frame:1).
[2019.03.12-21.01.04:705][573]LogBlueprintUserMessages: Early EndPlayMap Detection: Level '/Game/StarterContent/Maps/StarterMap.StarterMap:PersistentLevel' has LevelScriptBlueprint '/Game/StarterContent/Maps/StarterMap.StarterMap:PersistentLevel.StarterMap' with GeneratedClass '/Game/StarterContent/Maps/StarterMap.StarterMap_C' with ClassGeneratedBy '/Game/StarterContent/Maps/StarterMap.StarterMap:PersistentLevel.StarterMap'
[2019.03.12-21.01.04:705][573]LogSlate: Updating window title bar state: overlay mode, drag disabled, window buttons hidden, title bar hidden
[2019.03.12-21.01.04:714][573]LogSlate: Window 'SandBox ゲームプレビュー Standalone (64-ビット/PCD3D_SM5)' being destroyed
[2019.03.12-21.01.04:751][573]LogPlayLevel: Display: Shutting down PIE online subsystems
[2019.03.12-21.01.04:751][573]LogBlueprintUserMessages: Late EndPlayMap Detection: Level '/Game/StarterContent/Maps/StarterMap.StarterMap:PersistentLevel' has LevelScriptBlueprint '/Game/StarterContent/Maps/StarterMap.StarterMap:PersistentLevel.StarterMap' with GeneratedClass '/Game/StarterContent/Maps/StarterMap.StarterMap_C' with ClassGeneratedBy '/Game/StarterContent/Maps/StarterMap.StarterMap:PersistentLevel.StarterMap'
[2019.03.12-21.01.04:835][575]LogPlayLevel: Display: Destroying online subsystem :Context_5
[2019.03.12-21.02.19:586][766]LogSlate: FSceneViewport::OnFocusLost() reason 2
[2019.03.12-21.02.35:380][597]LogSlate: FSceneViewport::OnFocusLost() reason 2
[2019.03.12-21.02.42:017][324]LogEditorViewport: Clicking on Actor (LMB): StaticMeshActor (Shape_QuadPyramid)
[2019.03.12-21.02.42:618][380]LogSlate: FSceneViewport::OnFocusLost() reason 2
[2019.03.12-21.02.44:514][605]LogSlate: FSceneViewport::OnFocusLost() reason 2
[2019.03.12-21.02.46:335][820]LogEditorViewport: Clicking on Actor (LMB): StaticMeshActor (Shape_QuadPyramid)
[2019.03.12-21.02.46:788][871]LogSlate: FSceneViewport::OnFocusLost() reason 2
[2019.03.12-21.02.48:283][ 39]LogSlate: FSceneViewport::OnFocusLost() reason 2
[2019.03.12-21.02.52:567][535]LogSlate: FSceneViewport::OnFocusLost() reason 2
[2019.03.12-21.02.54:601][763]LogSlate: FSceneViewport::OnFocusLost() reason 2
[2019.03.12-21.02.57:400][ 96]LogSlate: FSceneViewport::OnFocusLost() reason 2
[2019.03.12-21.03.00:512][442]LogSlate: FSceneViewport::OnFocusLost() reason 0
[2019.03.12-21.03.01:186][479]LogSlate: Took 0.000156 seconds to synchronously load lazily loaded font '../../../Engine/Content/Slate/Fonts/Roboto-Italic.ttf' (157K)
[2019.03.12-21.10.15:945][866]LogFileHelpers: Editor autosave (incl. sublevels) for '/Game/StarterContent/Maps/StarterMap' took 0.018
[2019.03.12-21.15.14:887][759]LogEditorViewport: Clicking on Actor (LMB): Blueprint_Effect_Fire_C (P_Fire_Blueprint)
[2019.03.12-21.15.28:618][561]LogEditorViewport: Clicking on Actor (context menu): Blueprint_Effect_Sparks_C (P_Sparks_Blueprint)
[2019.03.12-21.15.28:685][561]LogSlate: FSceneViewport::OnFocusLost() reason 2
[2019.03.12-21.15.29:584][660]LogEditorViewport: Clicking on Actor (LMB): StaticMeshActor (Floor_5)
[2019.03.12-21.15.30:931][737]LogEditorViewport: Clicking on Actor (LMB): Blueprint_Effect_Sparks_C (P_Sparks_Blueprint)
[2019.03.12-21.15.32:863][851]LogEditorViewport: Clicking on Actor (LMB): Blueprint_Effect_Fire_C (P_Fire_Blueprint)
[2019.03.12-21.15.33:735][901]LogEditorViewport: Clicking on Actor (LMB): Blueprint_Effect_Steam_C (P_Steam_Lit_Blueprint)
[2019.03.12-21.15.35:560][  6]LogEditorViewport: Clicking on Actor (context menu): StaticMeshActor (Wall_Door_400x300)
[2019.03.12-21.15.35:614][  6]LogSlate: FSceneViewport::OnFocusLost() reason 2
[2019.03.12-21.15.37:226][187]LogEditorViewport: Clicking on Actor (LMB): StaticMeshActor (Wall_Door_400x301)
[2019.03.12-21.15.39:273][295]LogEditorViewport: Clicking on Actor (LMB): Blueprint_Effect_Steam_C (P_Steam_Lit_Blueprint)
[2019.03.12-21.15.40:577][371]LogEditorViewport: Clicking on Actor (LMB): Blueprint_Effect_Smoke_C (P_Smoke_Blueprint)
[2019.03.12-21.15.43:675][566]LogEditorViewport: Clicking on Actor (LMB): BP_Sky_Sphere_C (BP_Sky_Shere)
[2019.03.12-21.16.48:798][788]LogEditorViewport: Clicking on Actor (LMB): StaticMeshActor (MaterialSphere_27)
[2019.03.12-21.16.53:059][107]LogSlate: FSceneViewport::OnFocusLost() reason 0
[2019.03.12-21.16.57:825][470]LogSlate: FSceneViewport::OnFocusLost() reason 0
[2019.03.12-21.17.02:717][848]Cmd: TRANSACTION UNDO
[2019.03.12-21.17.02:717][848]LogEditorTransaction: Undo アクタ を移動
[2019.03.12-21.17.05:692][ 66]LogEditorViewport: Clicking on Actor (LMB): BP_Sky_Sphere_C (BP_Sky_Shere)
[2019.03.12-21.17.06:018][ 85]LogSlate: FSceneViewport::OnFocusLost() reason 0
[2019.03.12-21.17.08:831][289]LogEditorViewport: Clicking on Actor (LMB): StaticMeshActor (MaterialSphere_27)
[2019.03.12-21.18.00:246][194]LogSlate: FSceneViewport::OnFocusLost() reason 0
[2019.03.12-21.18.24:216][137]Cmd: TRANSACTION UNDO
[2019.03.12-21.18.24:216][137]LogEditorTransaction: Undo アクタ を移動
[2019.03.12-21.20.16:229][551]LogSlate: FSceneViewport::OnFocusLost() reason 2
[2019.03.12-21.20.16:595][551]LogSavePackage: Moving '../../../../../UnrialProject/SandBox/Saved/StarterMap_Auto18BE916804927BD32F51B4295D7D344C5.tmp' to '../../../../../UnrialProject/SandBox/Saved/Autosaves/Game/StarterContent/Maps/StarterMap_Auto1.umap'
[2019.03.12-21.20.16:607][551]LogFileHelpers: Editor autosave (incl. sublevels) for '/Game/StarterContent/Maps/StarterMap' took 0.357
[2019.03.12-21.20.16:607][551]LogFileHelpers: Editor autosave (incl. sublevels) for all levels took 0.357
[2019.03.12-21.20.18:090][652]LogSlate: FSceneViewport::OnFocusLost() reason 0
